Arguments: 
  /usr/local/bin/node /usr/local/Cellar/yarn/1.0.1/libexec/bin/yarn.js publish

PATH: 
  /Users/phineas/Desktop/dev/sdk/flutter/bin:/Users/phineas/.cargo/bin:/usr/local/bin:/usr/bin:/bin:/usr/sbin:/sbin:/opt/X11/bin:/Library/Apple/usr/bin:/usr/local/go/bin:/usr/local/MacGPG2/bin:/Library/TeX/texbin:/Applications/Wireshark.app/Contents/MacOS:/Users/phineas/Downloads/google-cloud-sdk/bin:/Users/phineas/Desktop/dev/sdk/flutter/bin:/Users/phineas/.cargo/bin:/Users/phineas/Desktop/dev/projects/go/bin:/usr/local/go/bin:/Users/phineas/Desktop/dev/projects/go/bin

Yarn version: 
  1.0.1

Node version: 
  12.18.1

Platform: 
  darwin x64

npm manifest: 
  {
    "name": "hivenjs",
    "version": "1.0.5",
    "description": "",
    "main": "build/swarm.js",
    "repository": {
      "type": "git",
      "url": "git+https://github.com/hivenapp/hivenjs.git"
    },
    "author": "phineas",
    "license": "ISC",
    "dependencies": {
      "@types/events": "^3.0.0",
      "@types/pako": "^1.0.1",
      "events": "^3.0.0",
      "pako": "^1.0.11"
    }
  }

yarn manifest: 
  No manifest

Lockfile: 
  # THIS IS AN AUTOGENERATED FILE. DO NOT EDIT THIS FILE DIRECTLY.
  # yarn lockfile v1
  
  
  "@types/events@^3.0.0":
    version "3.0.0"
    resolved "https://registry.yarnpkg.com/@types/events/-/events-3.0.0.tgz#2862f3f58a9a7f7c3e78d79f130dd4d71c25c2a7"
  
  "@types/pako@^1.0.1":
    version "1.0.1"
    resolved "https://registry.yarnpkg.com/@types/pako/-/pako-1.0.1.tgz#33b237f3c9aff44d0f82fe63acffa4a365ef4a61"
  
  events@^3.0.0:
    version "3.0.0"
    resolved "https://registry.yarnpkg.com/events/-/events-3.0.0.tgz#9a0a0dfaf62893d92b875b8f2698ca4114973e88"
  
  pako@^1.0.11:
    version "1.0.11"
    resolved "https://registry.yarnpkg.com/pako/-/pako-1.0.11.tgz#6c9599d340d54dfd3946380252a35705a6b992bf"

Trace: 
  Error: https://registry.yarnpkg.com/hivenjs: You cannot publish over the previously published versions: 1.0.5.
      at Request.params.callback [as _callback] (/usr/local/Cellar/yarn/1.0.1/libexec/lib/cli.js:60278:18)
      at Request.self.callback (/usr/local/Cellar/yarn/1.0.1/libexec/lib/cli.js:117324:22)
      at Request.emit (events.js:315:20)
      at Request.<anonymous> (/usr/local/Cellar/yarn/1.0.1/libexec/lib/cli.js:118307:10)
      at Request.emit (events.js:315:20)
      at Gunzip.<anonymous> (/usr/local/Cellar/yarn/1.0.1/libexec/lib/cli.js:118227:12)
      at Object.onceWrapper (events.js:421:28)
      at Gunzip.emit (events.js:327:22)
      at endReadableNT (_stream_readable.js:1221:12)
      at processTicksAndRejections (internal/process/task_queues.js:84:21)
